==================================
Backup Started: Wed, Mar 18, 2026  6:05:18 PM
✅ Backup completed
✅ Compression done
Completed 767.1 KiB/767.1 KiB (854.7 KiB/s) with 1 file(s) remaining
upload: .\backup_180518.sql.gz to s3://natarajan-de-2026-bucket-1/backups/postgres/2026/03/18/backup_180518.sql.gz
✅ Upload successful
✅ Local cleanup done
Backup Completed Successfully: Wed, Mar 18, 2026  6:05:21 PM
==================================
==================================
Backup Started: Wed, Mar 18, 2026 11:17:48 PM
✅ Backup completed
✅ Compression done
Completed 767.1 KiB/767.1 KiB (240.4 KiB/s) with 1 file(s) remainingupload: .\backup_231748.sql.gz to s3://natarajan-de-2026-bucket-1/backups/postgres/2026/03/18/backup_231748.sql.gz
✅ Upload successful
✅ Local cleanup done
Backup Completed Successfully: Wed, Mar 18, 2026 11:17:57 PM
==================================
==================================
Backup Started: Wed, Mar 18, 2026 11:28:32 PM
âœ… Backup completed
âœ… Compression done
Completed 767.1 KiB/767.1 KiB (487.3 KiB/s) with 1 file(s) remainingupload: .\backup_232831.sql.gz to s3://natarajan-de-2026-bucket-1/backups/postgres/2026/03/18/backup_232831.sql.gz
âœ… Upload successful
âœ… Local cleanup done
Backup Completed Successfully: Wed, Mar 18, 2026 11:28:38 PM
==================================
==================================
Backup Started: Thu, Mar 19, 2026 10:53:11 AM
âœ… Backup completed
âœ… Compression done
Completed 1.0 MiB/1.5 MiB (915.1 KiB/s) with 1 file(s) remainingCompleted 1.5 MiB/1.5 MiB (1.1 MiB/s) with 1 file(s) remaining  upload: .\backup_105311.sql.gz to s3://natarajan-de-2026-bucket-1/backups/postgres/2026/03/19/backup_105311.sql.gz
âœ… Upload successful
âœ… Local cleanup done
Backup Completed Successfully: Thu, Mar 19, 2026 10:53:20 AM
==================================
==================================
Backup Started: Thu, Mar 19, 2026 12:18:44 PM
[INFO] Backup completed
[INFO] Compression done
Completed 1.0 MiB/1.5 MiB (1.3 MiB/s) with 1 file(s) remainingCompleted 1.5 MiB/1.5 MiB (1.3 MiB/s) with 1 file(s) remainingupload: .\backup_121844.sql.gz to s3://natarajan-de-2026-bucket-1/backups/postgres/2026/03/19/backup_121844.sql.gz
[INFO] Upload successful
[INFO] Local cleanup done
Backup Completed Successfully: Thu, Mar 19, 2026 12:18:49 PM
Skipping email because required SMTP settings are missing: SMTP_HOST, SMTP_USER, SMTP_PASSWORD
[WARN] Email notification could not be sent.
==================================
==================================
Backup Started: Thu, Mar 19, 2026 12:26:17 PM
[INFO] Backup completed
[INFO] Compression done
Completed 1.0 MiB/1.5 MiB (1.2 MiB/s) with 1 file(s) remainingCompleted 1.5 MiB/1.5 MiB (1.3 MiB/s) with 1 file(s) remainingupload: .\backup_122617.sql.gz to s3://natarajan-de-2026-bucket-1/backups/postgres/2026/03/19/backup_122617.sql.gz
[INFO] Upload successful
[INFO] Local cleanup done
Backup Completed Successfully: Thu, Mar 19, 2026 12:26:21 PM
Email sent to natarajan.annadurai.tech@gmail.com
[INFO] SUCCESS email alert sent to natarajan.annadurai.tech@gmail.com.
==================================
